





<!DOCTYPE html>
<html>

<head>
    <meta charset="utf-8">
    <meta name="viewport" content="width=device-width, initial-scale=1, shrink-to-fit=no">
    <title>Selenix - Extent Reports</title>
        <link rel="apple-touch-icon" href="https://cdn.jsdelivr.net/gh/extent-framework/extent-github-cdn@b00a2d0486596e73dd7326beacf352c639623a0e/commons/img/logo.png">
        <link rel="shortcut icon" href="https://cdn.jsdelivr.net/gh/extent-framework/extent-github-cdn@b00a2d0486596e73dd7326beacf352c639623a0e/commons/img/logo.png">
	    <link href="https://cdn.jsdelivr.net/gh/extent-framework/extent-github-cdn@b00a2d0486596e73dd7326beacf352c639623a0e/spark/css/spark-style.css" rel="stylesheet" />
        <link href="https://stackpath.bootstrapcdn.com/font-awesome/4.7.0/css/font-awesome.min.css" rel="stylesheet">
<style type="text/css">



		
</style></head>    <script src="https://cdn.rawgit.com/extent-framework/extent-github-cdn/7cc78ce/spark/js/jsontree.js"></script>
<body class="spa bdd-report standard">
    <div class="app header-dark side-nav-folded">
        <div class="layout">
<div class="header navbar">
    <div class="header-container">
        <div class="nav-logo">
          <a href="index.html">
            <div class="logo logo-dark" style="background-image: url('https://cdn.rawgit.com/extent-framework/extent-github-cdn/d74480e/commons/img/logo.png')"></div>
            <div class="logo logo-white" style="background-image: url('https://cdn.rawgit.com/extent-framework/extent-github-cdn/d74480e/commons/img/logo.png')"></div>
          </a>
        </div>
        <ul class="nav-left">
          <li>
            <a class="sidenav-fold-toggler" href="javascript:void(0);">
              <i class="fa fa-bars"></i>
            </a>
            <a class="sidenav-expand-toggler" href="javascript:void(0);">
              <i class="fa fa-bars"></i>
            </a>
          </li>
          <li class="search-box">
            <a class="search-toggle" href="javascript:void(0);">
              <i class="search-icon fa fa-search"></i>
              <i class="search-icon-close fa fa-close"></i>
            </a>
          </li>
          <li class="search-input">
            <input id="search-tests" class="form-control" type="text" placeholder="Type to search...">
          </li>
        </ul>
        <ul class="nav-right">
          <li class="m-r-10">
            <a href="#">
              <span class="badge badge-primary">Selenix Test Reports</span>
            </a>
          </li>
            <li class="m-r-10">
                <a href="#">
                    <span class="badge badge-primary">Mar 20, 2020 02:31:11 PM</span>
                </a>
            </li>
        </ul>
    </div>
</div><div class="side-nav side-nav-folded">
  <div class="side-nav-inner">
    <ul class="side-nav-menu scrollable">
      <li class="nav-item dropdown" onclick="toggleView('test-view')">
        <a id="nav-test" class="dropdown-toggle" href="index.html">
          <span class="icon-holder">
            <i class="fa fa-align-left"></i>
          </span>
          <span class="title">Tests</span>
        </a>
      </li>
            <li class="nav-item dropdown" onclick="toggleView('tag-view')">
        <a id="nav-tag" class="dropdown-toggle" href="tag.html">
          <span class="icon-holder">
            <i class="fa fa-tag"></i>
          </span>
          <span class="title">Tags</span>
        </a>
      </li>
      <li class="nav-item dropdown" onclick="toggleView('exception-view')">
        <a id="nav-ex" class="dropdown-toggle" href="exception.html">
          <span class="icon-holder">
            <i class="fa fa-bug"></i>
          </span>
          <span class="title">Exception</span>
        </a>
      </li>
      <li class="nav-item dropdown" onclick="toggleView('dashboard-view')">
        <a id="nav-dashboard" class="dropdown-toggle" href="dashboard.html">
          <span class="icon-holder">
            <i class="fa fa-bar-chart"></i>
          </span>
          <span class="title">Dashboard</span>
        </a>
      </li>
    </ul>
  </div>
</div>            <div class="page-container">
                <div class="main-content">
<div class="test-wrapper row test-view">
	<div class="test-list">
		<div class="test-list-tools">
			<ul class="tools pull-left">
				<li>
					<a href="">
					<span class="font-size-14">Tests</span>
					</a>
				</li>
			</ul>
			<ul class="tools text-right">
				<li class="user-profile dropdown dropdown-animated scale-left">
					<a href="#" class="dropdown-toggle" data-toggle="dropdown">
					<i class="fa fa-exclamation-circle"></i>
					</a>
					<ul id="status-toggle" class="dropdown-menu dropdown-md p-v-0">
						<a class="dropdown-item" status="pass" href="#"><span>Pass</span><span class="status success pull-right"></span></a>
						<a class="dropdown-item" status="fail" href="#"><span>Fail</span><span class="status danger pull-right"></span></a>
						
						
						
						
						<div class="dropdown-divider"></div>
						<a status="clear" class="dropdown-item" href="#"><span>Clear</span><span class="pull-right"><i class="fa fa-close"></i></span></a>
					</ul>
				</li>
				<li class="user-profile dropdown dropdown-animated scale-left">
					<a href="#" class="dropdown-toggle" data-toggle="dropdown">
					<i class="fa fa-tag"></i>
					</a>
					<ul id="tag-toggle" class="dropdown-menu dropdown-md p-v-0">
						<a class="dropdown-item" href="#">@all</a>
						<a class="dropdown-item" href="#">@smoke</a>
						<a class="dropdown-item" href="#">@regression</a>
					</ul>
				</li>
			</ul>
		</div>
		<div class="test-list-wrapper scrollable">
			<ul class="test-list-item">
				<li class="test-item"  status="fail" test-id="1"
					author=""
					tag="@all"
					device="">
					<div class="status-avatar fail-bg">
						<i class="fa fa-times text-white"></i>
					</div>
					<div class="open-test">
						<div class="test-detail">
							<p class="name">sample feature1</p>
							<p class="duration text-sm">0h 0m 59s+948ms</p>
							<span class="datetime">14:31:12 PM</span>
						</div>
					</div>
					<div class="test-contents d-none">
						<div class="detail-head">
							<div class="p-v-10 d-inline-block">
								<div class="info">
									<h5 class="test-status text-fail">sample feature1</h5>
									<span class='badge badge-success'>03.20.2020 14:31:12</span>
									<span class='badge badge-danger'>03.20.2020 14:32:12</span>
									<span class='badge badge-default'>0h 0m 59s+948ms</span>
								</div>
								<div class="m-t-15">
			<span class="badge badge-pill badge-default"><i class="fa fa-tag"></i> @all</span>
								</div>
								<div class="m-t-10 m-l-5">
									
								</div>
							</div>
						</div>

<div class="accordion mt-4">
	<div class="card">
		<div class="card-header" role="tab">
			<div class="card-title pl-3">
				<div class="node">Cucumber</div>
				<div class="status-avatar float-left fail-bg">
					<i class="fa fa-times text-white"></i>
				</div>
			</div>
		</div>
				<div class="collapse">
					<div class="card-body">
							<div class="d-flex align-items-center justify-content-start given" title="StepDefinitionTest.given()">
								<span class="alert-icon pass-bg">
									<i class="fa fa-check text-white"></i>
								</span>
								<span>Given Go to google page</span>
							</div>
				<div class="details"></div>
							<div class="d-flex align-items-center justify-content-start when" title="StepDefinitionTest.when(String)">
								<span class="alert-icon fail-bg">
									<i class="fa fa-times text-white"></i>
								</span>
								<span>When Enter search "cucumber"</span>
							</div>
				<textarea disabled class="code-block">org.openqa.selenium.NoSuchElementException: no such element: Unable to locate element: {"method":"css selector","selector":"div[id='resultStats']"}
  (Session info: chrome=80.0.3987.149)
For documentation on this error, please visit: https://www.seleniumhq.org/exceptions/no_such_element.html
Build info: version: '3.141.59', revision: 'e82be7d358', time: '2018-11-14T08:17:03'
System info: host: 'IN-MH1LPW101177', ip: '10.0.75.1', os.name: 'Windows 10', os.arch: 'amd64', os.version: '10.0', java.version: '1.8.0_232'
Driver info: org.openqa.selenium.chrome.ChromeDriver
Capabilities {acceptInsecureCerts: false, browserName: chrome, browserVersion: 80.0.3987.149, chrome: {chromedriverVersion: 80.0.3987.106 (f68069574609..., userDataDir: C:\Users\RAVI14~1\AppData\L...}, goog:chromeOptions: {debuggerAddress: localhost:61101}, javascriptEnabled: true, networkConnectionEnabled: false, pageLoadStrategy: normal, platform: WINDOWS, platformName: WINDOWS, proxy: Proxy(), setWindowRect: true, strictFileInteractability: false, timeouts: {implicit: 0, pageLoad: 300000, script: 30000}, unhandledPromptBehavior: dismiss and notify}
Session ID: aa9db060bc9c58cb9cb724c8345c88ff
*** Element info: {Using=css selector, value=div[id='resultStats']}
	at sun.reflect.NativeConstructorAccessorImpl.newInstance0(Native Method)
	at sun.reflect.NativeConstructorAccessorImpl.newInstance(NativeConstructorAccessorImpl.java:62)
	at sun.reflect.DelegatingConstructorAccessorImpl.newInstance(DelegatingConstructorAccessorImpl.java:45)
	at java.lang.reflect.Constructor.newInstance(Constructor.java:423)
	at org.openqa.selenium.remote.http.W3CHttpResponseCodec.createException(W3CHttpResponseCodec.java:187)
	at org.openqa.selenium.remote.http.W3CHttpResponseCodec.decode(W3CHttpResponseCodec.java:122)
	at org.openqa.selenium.remote.http.W3CHttpResponseCodec.decode(W3CHttpResponseCodec.java:49)
	at org.openqa.selenium.remote.HttpCommandExecutor.execute(HttpCommandExecutor.java:158)
	at org.openqa.selenium.remote.service.DriverCommandExecutor.execute(DriverCommandExecutor.java:83)
	at org.openqa.selenium.remote.RemoteWebDriver.execute(RemoteWebDriver.java:552)
	at org.openqa.selenium.remote.RemoteWebDriver.findElement(RemoteWebDriver.java:323)
	at org.openqa.selenium.remote.RemoteWebDriver.findElementByCssSelector(RemoteWebDriver.java:420)
	at org.openqa.selenium.By$ByCssSelector.findElement(By.java:431)
	at org.openqa.selenium.remote.RemoteWebDriver.findElement(RemoteWebDriver.java:315)
	at org.openqa.selenium.support.pagefactory.DefaultElementLocator.findElement(DefaultElementLocator.java:69)
	at org.openqa.selenium.support.pagefactory.internal.LocatingElementHandler.invoke(LocatingElementHandler.java:38)
	at com.sun.proxy.$Proxy19.getText(Unknown Source)
	at pageObjects.GoogleSearchPO.searchResultCount(GoogleSearchPO.java:21)
	at stepDefinitions.StepDefinitionTest.when(StepDefinitionTest.java:30)
	at ?.Enter search "cucumber"(file:src/test/resources/features/payments/feat1.feature:7)
</textarea>
				<div class="details">this is my failure message</div>
				<div class="details"></div>
				<div class="details"><img class='r-img' onerror='this.style.display="none"' data-featherlight='../embedded2.png' src='../embedded2.png'></div>
					</div>
				</div>
	</div>
	<div class="card">
		<div class="card-header" role="tab">
			<div class="card-title pl-3">
				<div class="node">Sachin Tendulkar</div>
				<div class="status-avatar float-left fail-bg">
					<i class="fa fa-times text-white"></i>
				</div>
			</div>
		</div>
				<div class="collapse">
					<div class="card-body">
							<div class="d-flex align-items-center justify-content-start given" title="StepDefinitionTest.given()">
								<span class="alert-icon pass-bg">
									<i class="fa fa-check text-white"></i>
								</span>
								<span>Given Go to google page</span>
							</div>
				<div class="details"></div>
							<div class="d-flex align-items-center justify-content-start when" title="StepDefinitionTest.when(String)">
								<span class="alert-icon fail-bg">
									<i class="fa fa-times text-white"></i>
								</span>
								<span>When Enter search "Sachin Tendulkar"</span>
							</div>
				<textarea disabled class="code-block">org.openqa.selenium.NoSuchElementException: no such element: Unable to locate element: {"method":"css selector","selector":"div[id='resultStats']"}
  (Session info: chrome=80.0.3987.149)
For documentation on this error, please visit: https://www.seleniumhq.org/exceptions/no_such_element.html
Build info: version: '3.141.59', revision: 'e82be7d358', time: '2018-11-14T08:17:03'
System info: host: 'IN-MH1LPW101177', ip: '10.0.75.1', os.name: 'Windows 10', os.arch: 'amd64', os.version: '10.0', java.version: '1.8.0_232'
Driver info: org.openqa.selenium.chrome.ChromeDriver
Capabilities {acceptInsecureCerts: false, browserName: chrome, browserVersion: 80.0.3987.149, chrome: {chromedriverVersion: 80.0.3987.106 (f68069574609..., userDataDir: C:\Users\RAVI14~1\AppData\L...}, goog:chromeOptions: {debuggerAddress: localhost:61100}, javascriptEnabled: true, networkConnectionEnabled: false, pageLoadStrategy: normal, platform: WINDOWS, platformName: WINDOWS, proxy: Proxy(), setWindowRect: true, strictFileInteractability: false, timeouts: {implicit: 0, pageLoad: 300000, script: 30000}, unhandledPromptBehavior: dismiss and notify}
Session ID: ed276532703f1c65dede3ec18df8e246
*** Element info: {Using=css selector, value=div[id='resultStats']}
	at sun.reflect.NativeConstructorAccessorImpl.newInstance0(Native Method)
	at sun.reflect.NativeConstructorAccessorImpl.newInstance(NativeConstructorAccessorImpl.java:62)
	at sun.reflect.DelegatingConstructorAccessorImpl.newInstance(DelegatingConstructorAccessorImpl.java:45)
	at java.lang.reflect.Constructor.newInstance(Constructor.java:423)
	at org.openqa.selenium.remote.http.W3CHttpResponseCodec.createException(W3CHttpResponseCodec.java:187)
	at org.openqa.selenium.remote.http.W3CHttpResponseCodec.decode(W3CHttpResponseCodec.java:122)
	at org.openqa.selenium.remote.http.W3CHttpResponseCodec.decode(W3CHttpResponseCodec.java:49)
	at org.openqa.selenium.remote.HttpCommandExecutor.execute(HttpCommandExecutor.java:158)
	at org.openqa.selenium.remote.service.DriverCommandExecutor.execute(DriverCommandExecutor.java:83)
	at org.openqa.selenium.remote.RemoteWebDriver.execute(RemoteWebDriver.java:552)
	at org.openqa.selenium.remote.RemoteWebDriver.findElement(RemoteWebDriver.java:323)
	at org.openqa.selenium.remote.RemoteWebDriver.findElementByCssSelector(RemoteWebDriver.java:420)
	at org.openqa.selenium.By$ByCssSelector.findElement(By.java:431)
	at org.openqa.selenium.remote.RemoteWebDriver.findElement(RemoteWebDriver.java:315)
	at org.openqa.selenium.support.pagefactory.DefaultElementLocator.findElement(DefaultElementLocator.java:69)
	at org.openqa.selenium.support.pagefactory.internal.LocatingElementHandler.invoke(LocatingElementHandler.java:38)
	at com.sun.proxy.$Proxy19.getText(Unknown Source)
	at pageObjects.GoogleSearchPO.searchResultCount(GoogleSearchPO.java:21)
	at stepDefinitions.StepDefinitionTest.when(StepDefinitionTest.java:30)
	at ?.Enter search "Sachin Tendulkar"(file:src/test/resources/features/payments/feat1.feature:12)
</textarea>
				<div class="details">this is my failure message</div>
				<div class="details"></div>
				<div class="details"><img class='r-img' onerror='this.style.display="none"' data-featherlight='../embedded4.png' src='../embedded4.png'></div>
					</div>
				</div>
	</div>
</div>
					</div>
				</li>
				<li class="test-item"  status="fail" test-id="3"
					author=""
					tag="@all"
					device="">
					<div class="status-avatar fail-bg">
						<i class="fa fa-times text-white"></i>
					</div>
					<div class="open-test">
						<div class="test-detail">
							<p class="name">sample feature2</p>
							<p class="duration text-sm">0h 0m 56s+594ms</p>
							<span class="datetime">14:31:12 PM</span>
						</div>
					</div>
					<div class="test-contents d-none">
						<div class="detail-head">
							<div class="p-v-10 d-inline-block">
								<div class="info">
									<h5 class="test-status text-fail">sample feature2</h5>
									<span class='badge badge-success'>03.20.2020 14:31:12</span>
									<span class='badge badge-danger'>03.20.2020 14:32:09</span>
									<span class='badge badge-default'>0h 0m 56s+594ms</span>
								</div>
								<div class="m-t-15">
			<span class="badge badge-pill badge-default"><i class="fa fa-tag"></i> @all</span>
								</div>
								<div class="m-t-10 m-l-5">
									
								</div>
							</div>
						</div>

<div class="accordion mt-4">
	<div class="card">
		<div class="card-header" role="tab">
			<div class="card-title pl-3">
				<div class="node">Extent Reports</div>
				<div class="status-avatar float-left fail-bg">
					<i class="fa fa-times text-white"></i>
				</div>
			</div>
		</div>
				<div class="collapse">
					<div class="card-body">
							<div class="d-flex align-items-center justify-content-start given" title="StepDefinitionTest2.given()">
								<span class="alert-icon pass-bg">
									<i class="fa fa-check text-white"></i>
								</span>
								<span>Given Go to google page1</span>
							</div>
				<div class="details"></div>
							<div class="d-flex align-items-center justify-content-start when" title="StepDefinitionTest2.when(String)">
								<span class="alert-icon fail-bg">
									<i class="fa fa-times text-white"></i>
								</span>
								<span>When Enter search1 "extentreport"</span>
							</div>
				<textarea disabled class="code-block">org.openqa.selenium.NoSuchElementException: no such element: Unable to locate element: {"method":"css selector","selector":"div[id='resultStats']"}
  (Session info: chrome=80.0.3987.149)
For documentation on this error, please visit: https://www.seleniumhq.org/exceptions/no_such_element.html
Build info: version: '3.141.59', revision: 'e82be7d358', time: '2018-11-14T08:17:03'
System info: host: 'IN-MH1LPW101177', ip: '10.0.75.1', os.name: 'Windows 10', os.arch: 'amd64', os.version: '10.0', java.version: '1.8.0_232'
Driver info: org.openqa.selenium.chrome.ChromeDriver
Capabilities {acceptInsecureCerts: false, browserName: chrome, browserVersion: 80.0.3987.149, chrome: {chromedriverVersion: 80.0.3987.106 (f68069574609..., userDataDir: C:\Users\RAVI14~1\AppData\L...}, goog:chromeOptions: {debuggerAddress: localhost:61099}, javascriptEnabled: true, networkConnectionEnabled: false, pageLoadStrategy: normal, platform: WINDOWS, platformName: WINDOWS, proxy: Proxy(), setWindowRect: true, strictFileInteractability: false, timeouts: {implicit: 0, pageLoad: 300000, script: 30000}, unhandledPromptBehavior: dismiss and notify}
Session ID: 209c5ededd4404fc2027877daf80e2f6
*** Element info: {Using=css selector, value=div[id='resultStats']}
	at sun.reflect.NativeConstructorAccessorImpl.newInstance0(Native Method)
	at sun.reflect.NativeConstructorAccessorImpl.newInstance(NativeConstructorAccessorImpl.java:62)
	at sun.reflect.DelegatingConstructorAccessorImpl.newInstance(DelegatingConstructorAccessorImpl.java:45)
	at java.lang.reflect.Constructor.newInstance(Constructor.java:423)
	at org.openqa.selenium.remote.http.W3CHttpResponseCodec.createException(W3CHttpResponseCodec.java:187)
	at org.openqa.selenium.remote.http.W3CHttpResponseCodec.decode(W3CHttpResponseCodec.java:122)
	at org.openqa.selenium.remote.http.W3CHttpResponseCodec.decode(W3CHttpResponseCodec.java:49)
	at org.openqa.selenium.remote.HttpCommandExecutor.execute(HttpCommandExecutor.java:158)
	at org.openqa.selenium.remote.service.DriverCommandExecutor.execute(DriverCommandExecutor.java:83)
	at org.openqa.selenium.remote.RemoteWebDriver.execute(RemoteWebDriver.java:552)
	at org.openqa.selenium.remote.RemoteWebDriver.findElement(RemoteWebDriver.java:323)
	at org.openqa.selenium.remote.RemoteWebDriver.findElementByCssSelector(RemoteWebDriver.java:420)
	at org.openqa.selenium.By$ByCssSelector.findElement(By.java:431)
	at org.openqa.selenium.remote.RemoteWebDriver.findElement(RemoteWebDriver.java:315)
	at org.openqa.selenium.support.pagefactory.DefaultElementLocator.findElement(DefaultElementLocator.java:69)
	at org.openqa.selenium.support.pagefactory.internal.LocatingElementHandler.invoke(LocatingElementHandler.java:38)
	at com.sun.proxy.$Proxy19.getText(Unknown Source)
	at pageObjects.GoogleSearchPO.searchResultCount(GoogleSearchPO.java:21)
	at stepDefinitions.StepDefinitionTest2.when(StepDefinitionTest2.java:30)
	at ?.Enter search1 "extentreport"(file:src/test/resources/features/search/feat2.feature:12)
</textarea>
				<div class="details">this is my failure message</div>
				<div class="details"></div>
				<div class="details"><img class='r-img' onerror='this.style.display="none"' data-featherlight='../embedded1.png' src='../embedded1.png'></div>
					</div>
				</div>
	</div>
	<div class="card">
		<div class="card-header" role="tab">
			<div class="card-title pl-3">
				<div class="node">Eclipse</div>
				<div class="status-avatar float-left fail-bg">
					<i class="fa fa-times text-white"></i>
				</div>
			</div>
		</div>
				<div class="collapse">
					<div class="card-body">
							<div class="d-flex align-items-center justify-content-start given" title="StepDefinitionTest2.given()">
								<span class="alert-icon pass-bg">
									<i class="fa fa-check text-white"></i>
								</span>
								<span>Given Go to google page1</span>
							</div>
				<div class="details"></div>
							<div class="d-flex align-items-center justify-content-start when" title="StepDefinitionTest2.when(String)">
								<span class="alert-icon fail-bg">
									<i class="fa fa-times text-white"></i>
								</span>
								<span>When Enter search1 "eclipse"</span>
							</div>
				<textarea disabled class="code-block">org.openqa.selenium.NoSuchElementException: no such element: Unable to locate element: {"method":"css selector","selector":"div[id='resultStats']"}
  (Session info: chrome=80.0.3987.149)
For documentation on this error, please visit: https://www.seleniumhq.org/exceptions/no_such_element.html
Build info: version: '3.141.59', revision: 'e82be7d358', time: '2018-11-14T08:17:03'
System info: host: 'IN-MH1LPW101177', ip: '10.0.75.1', os.name: 'Windows 10', os.arch: 'amd64', os.version: '10.0', java.version: '1.8.0_232'
Driver info: org.openqa.selenium.chrome.ChromeDriver
Capabilities {acceptInsecureCerts: false, browserName: chrome, browserVersion: 80.0.3987.149, chrome: {chromedriverVersion: 80.0.3987.106 (f68069574609..., userDataDir: C:\Users\RAVI14~1\AppData\L...}, goog:chromeOptions: {debuggerAddress: localhost:61102}, javascriptEnabled: true, networkConnectionEnabled: false, pageLoadStrategy: normal, platform: WINDOWS, platformName: WINDOWS, proxy: Proxy(), setWindowRect: true, strictFileInteractability: false, timeouts: {implicit: 0, pageLoad: 300000, script: 30000}, unhandledPromptBehavior: dismiss and notify}
Session ID: be6e4236013470090f3642df34f1e272
*** Element info: {Using=css selector, value=div[id='resultStats']}
	at sun.reflect.NativeConstructorAccessorImpl.newInstance0(Native Method)
	at sun.reflect.NativeConstructorAccessorImpl.newInstance(NativeConstructorAccessorImpl.java:62)
	at sun.reflect.DelegatingConstructorAccessorImpl.newInstance(DelegatingConstructorAccessorImpl.java:45)
	at java.lang.reflect.Constructor.newInstance(Constructor.java:423)
	at org.openqa.selenium.remote.http.W3CHttpResponseCodec.createException(W3CHttpResponseCodec.java:187)
	at org.openqa.selenium.remote.http.W3CHttpResponseCodec.decode(W3CHttpResponseCodec.java:122)
	at org.openqa.selenium.remote.http.W3CHttpResponseCodec.decode(W3CHttpResponseCodec.java:49)
	at org.openqa.selenium.remote.HttpCommandExecutor.execute(HttpCommandExecutor.java:158)
	at org.openqa.selenium.remote.service.DriverCommandExecutor.execute(DriverCommandExecutor.java:83)
	at org.openqa.selenium.remote.RemoteWebDriver.execute(RemoteWebDriver.java:552)
	at org.openqa.selenium.remote.RemoteWebDriver.findElement(RemoteWebDriver.java:323)
	at org.openqa.selenium.remote.RemoteWebDriver.findElementByCssSelector(RemoteWebDriver.java:420)
	at org.openqa.selenium.By$ByCssSelector.findElement(By.java:431)
	at org.openqa.selenium.remote.RemoteWebDriver.findElement(RemoteWebDriver.java:315)
	at org.openqa.selenium.support.pagefactory.DefaultElementLocator.findElement(DefaultElementLocator.java:69)
	at org.openqa.selenium.support.pagefactory.internal.LocatingElementHandler.invoke(LocatingElementHandler.java:38)
	at com.sun.proxy.$Proxy19.getText(Unknown Source)
	at pageObjects.GoogleSearchPO.searchResultCount(GoogleSearchPO.java:21)
	at stepDefinitions.StepDefinitionTest2.when(StepDefinitionTest2.java:30)
	at ?.Enter search1 "eclipse"(file:src/test/resources/features/search/feat2.feature:7)
</textarea>
				<div class="details">this is my failure message</div>
				<div class="details"></div>
				<div class="details"><img class='r-img' onerror='this.style.display="none"' data-featherlight='../embedded3.png' src='../embedded3.png'></div>
					</div>
				</div>
	</div>
</div>
					</div>
				</li>
			</ul>
		</div>
	</div>
	<div class="test-content scrollable">
		<div class="test-content-tools">
			<ul>
				<li>
					<a class="back-to-test" href="javascript:void(0)">
					<i class="fa fa-arrow-left"></i>
					</a>
				</li>
			</ul>
		</div>
		<div class="test-content-detail">
			<div class="detail-body"></div>
		</div>
	</div>
</div><div class="test-wrapper row tag-view attributes-view">
	<div class="test-list">
		<div class="test-list-tools">
			<ul class="tools pull-left">
				<li>
					<a href="">
					<span class="font-size-14">Tags</span>
					</a>
				</li>
			</ul>
			<ul class="tools text-right">
				<li>
					<a href="#">
					<span class="badge badge-primary">3</span>
					</a>
				</li>
			</ul>
		</div>
		<div class="test-list-wrapper scrollable">
			<ul class="test-list-item">
				<li class="test-item">
					<div class="open-test">
						<div class="test-detail">
							<p class="name">@all</p>
							<p class="duration text-sm">6 tests</p>
							<span class="datetime">
							
							<span class='badge badge-danger'>6</span>
							
							
							</span>
						</div>
					</div>
					<div class="test-contents d-none">
						<div class="info">
							<h4>@all</h4>
							
							<span status="fail" class='badge badge-danger'>6 failed</span>
							
							
						</div>
						<table class='table table-sm mt-4'>
							<thead>
								<tr>
									<th class="status-col">Status</th>
									<th class="timestamp-col">Timestamp</th>
									<th>TestName</th>
								</tr>
							</thead>
							<tbody>
								<tr class="tag-test-status" status="fail">
									<td>
										<div class='status-avatar fail-bg'>
											<i class="fa fa-times text-white"></i>
										</div>
									</td>
									<td>14:31:12 PM</td>
									<td class='linked' test-id='1'>
										sample feature1
									</td>
								</tr>
								<tr class="tag-test-status" status="fail">
									<td>
										<div class='status-avatar fail-bg'>
											<i class="fa fa-times text-white"></i>
										</div>
									</td>
									<td>14:31:12 PM</td>
									<td class='linked' test-id='2'>
										Cucumber
										<div class="">
											<span class="badge badge-default">sample feature1.Cucumber</span>
										</div>
									</td>
								</tr>
								<tr class="tag-test-status" status="fail">
									<td>
										<div class='status-avatar fail-bg'>
											<i class="fa fa-times text-white"></i>
										</div>
									</td>
									<td>14:31:12 PM</td>
									<td class='linked' test-id='6'>
										Sachin Tendulkar
										<div class="">
											<span class="badge badge-default">sample feature1.Sachin Tendulkar</span>
										</div>
									</td>
								</tr>
								<tr class="tag-test-status" status="fail">
									<td>
										<div class='status-avatar fail-bg'>
											<i class="fa fa-times text-white"></i>
										</div>
									</td>
									<td>14:31:12 PM</td>
									<td class='linked' test-id='3'>
										sample feature2
									</td>
								</tr>
								<tr class="tag-test-status" status="fail">
									<td>
										<div class='status-avatar fail-bg'>
											<i class="fa fa-times text-white"></i>
										</div>
									</td>
									<td>14:31:12 PM</td>
									<td class='linked' test-id='4'>
										Extent Reports
										<div class="">
											<span class="badge badge-default">sample feature2.Extent Reports</span>
										</div>
									</td>
								</tr>
								<tr class="tag-test-status" status="fail">
									<td>
										<div class='status-avatar fail-bg'>
											<i class="fa fa-times text-white"></i>
										</div>
									</td>
									<td>14:31:12 PM</td>
									<td class='linked' test-id='5'>
										Eclipse
										<div class="">
											<span class="badge badge-default">sample feature2.Eclipse</span>
										</div>
									</td>
								</tr>
							</tbody>
						</table>
					</div>
				</li>
				<li class="test-item">
					<div class="open-test">
						<div class="test-detail">
							<p class="name">@smoke</p>
							<p class="duration text-sm">4 tests</p>
							<span class="datetime">
							
							<span class='badge badge-danger'>4</span>
							
							
							</span>
						</div>
					</div>
					<div class="test-contents d-none">
						<div class="info">
							<h4>@smoke</h4>
							
							<span status="fail" class='badge badge-danger'>4 failed</span>
							
							
						</div>
						<table class='table table-sm mt-4'>
							<thead>
								<tr>
									<th class="status-col">Status</th>
									<th class="timestamp-col">Timestamp</th>
									<th>TestName</th>
								</tr>
							</thead>
							<tbody>
								<tr class="tag-test-status" status="fail">
									<td>
										<div class='status-avatar fail-bg'>
											<i class="fa fa-times text-white"></i>
										</div>
									</td>
									<td>14:31:12 PM</td>
									<td class='linked' test-id='2'>
										Cucumber
										<div class="">
											<span class="badge badge-default">sample feature1.Cucumber</span>
										</div>
									</td>
								</tr>
								<tr class="tag-test-status" status="fail">
									<td>
										<div class='status-avatar fail-bg'>
											<i class="fa fa-times text-white"></i>
										</div>
									</td>
									<td>14:31:12 PM</td>
									<td class='linked' test-id='6'>
										Sachin Tendulkar
										<div class="">
											<span class="badge badge-default">sample feature1.Sachin Tendulkar</span>
										</div>
									</td>
								</tr>
								<tr class="tag-test-status" status="fail">
									<td>
										<div class='status-avatar fail-bg'>
											<i class="fa fa-times text-white"></i>
										</div>
									</td>
									<td>14:31:12 PM</td>
									<td class='linked' test-id='4'>
										Extent Reports
										<div class="">
											<span class="badge badge-default">sample feature2.Extent Reports</span>
										</div>
									</td>
								</tr>
								<tr class="tag-test-status" status="fail">
									<td>
										<div class='status-avatar fail-bg'>
											<i class="fa fa-times text-white"></i>
										</div>
									</td>
									<td>14:31:12 PM</td>
									<td class='linked' test-id='5'>
										Eclipse
										<div class="">
											<span class="badge badge-default">sample feature2.Eclipse</span>
										</div>
									</td>
								</tr>
							</tbody>
						</table>
					</div>
				</li>
				<li class="test-item">
					<div class="open-test">
						<div class="test-detail">
							<p class="name">@regression</p>
							<p class="duration text-sm">2 tests</p>
							<span class="datetime">
							
							<span class='badge badge-danger'>2</span>
							
							
							</span>
						</div>
					</div>
					<div class="test-contents d-none">
						<div class="info">
							<h4>@regression</h4>
							
							<span status="fail" class='badge badge-danger'>2 failed</span>
							
							
						</div>
						<table class='table table-sm mt-4'>
							<thead>
								<tr>
									<th class="status-col">Status</th>
									<th class="timestamp-col">Timestamp</th>
									<th>TestName</th>
								</tr>
							</thead>
							<tbody>
								<tr class="tag-test-status" status="fail">
									<td>
										<div class='status-avatar fail-bg'>
											<i class="fa fa-times text-white"></i>
										</div>
									</td>
									<td>14:31:12 PM</td>
									<td class='linked' test-id='2'>
										Cucumber
										<div class="">
											<span class="badge badge-default">sample feature1.Cucumber</span>
										</div>
									</td>
								</tr>
								<tr class="tag-test-status" status="fail">
									<td>
										<div class='status-avatar fail-bg'>
											<i class="fa fa-times text-white"></i>
										</div>
									</td>
									<td>14:31:12 PM</td>
									<td class='linked' test-id='6'>
										Sachin Tendulkar
										<div class="">
											<span class="badge badge-default">sample feature1.Sachin Tendulkar</span>
										</div>
									</td>
								</tr>
							</tbody>
						</table>
					</div>
				</li>
			</ul>
		</div>
	</div>
	<div class="test-content scrollable">
		<div class="test-content-tools">
			<ul>
				<li>
					<a class="back-to-test" href="javascript:void(0)">
					<i class="fa fa-arrow-left"></i>
					</a>
				</li>
			</ul>
		</div>
		<div class="test-content-detail">
			<div class="detail-body"></div>
		</div>
	</div>
</div><div class="test-wrapper row exception-view attributes-view">
	<div class="test-list">
		<div class="test-list-tools">
			<ul class="tools pull-left">
				<li>
					<a href="">
					<span class="font-size-14">Exception</span>
					</a>
				</li>
			</ul>
			<ul class="tools text-right">
				<li>
					<a href="#">
					<span class="badge badge-primary">1</span>
					</a>
				</li>
			</ul>
		</div>
		<div class="test-list-wrapper scrollable">
			<ul class="test-list-item">
				<li class="test-item">
					<div class="open-test">
						<div class="test-detail">
							<p class="name">org.openqa.selenium.NoSuchElementException</p>
							<p class="duration text-sm">4 tests</p>
						</div>
					</div>
					<div class="test-contents d-none">
						<div class="info">
							<h4>org.openqa.selenium.NoSuchElementException</h4>
						</div>
						<table class='table table-sm mt-4'>
							<thead>
								<tr>
									<th class="status-col">Status</th>
									<th class="timestamp-col">Timestamp</th>
									<th>TestName</th>
								</tr>
							</thead>
							<tbody>
								<tr>
									<td>
										<div class='status-avatar fail-bg'>
											<i class="fa fa-times text-white"></i>
										</div>
									</td>
									<td>14:31:35 PM</td>
									<td class='linked' test-id='12'>
										When Enter search "cucumber"
										<div class="">
											<span class="badge badge-default">Cucumber</span>
										</div>
									</td>
								</tr>
								<tr>
									<td>
										<div class='status-avatar fail-bg'>
											<i class="fa fa-times text-white"></i>
										</div>
									</td>
									<td>14:31:36 PM</td>
									<td class='linked' test-id='14'>
										When Enter search "Sachin Tendulkar"
										<div class="">
											<span class="badge badge-default">Sachin Tendulkar</span>
										</div>
									</td>
								</tr>
								<tr>
									<td>
										<div class='status-avatar fail-bg'>
											<i class="fa fa-times text-white"></i>
										</div>
									</td>
									<td>14:31:33 PM</td>
									<td class='linked' test-id='11'>
										When Enter search1 "extentreport"
										<div class="">
											<span class="badge badge-default">Extent Reports</span>
										</div>
									</td>
								</tr>
								<tr>
									<td>
										<div class='status-avatar fail-bg'>
											<i class="fa fa-times text-white"></i>
										</div>
									</td>
									<td>14:31:36 PM</td>
									<td class='linked' test-id='13'>
										When Enter search1 "eclipse"
										<div class="">
											<span class="badge badge-default">Eclipse</span>
										</div>
									</td>
								</tr>
							</tbody>
						</table>
					</div>
				</li>
			</ul>
		</div>
	</div>
	<div class="test-content scrollable">
		<div class="test-content-tools">
			<ul>
				<li>
					<a class="back-to-test" href="javascript:void(0)">
					<i class="fa fa-arrow-left"></i>
					</a>
				</li>
			</ul>
		</div>
		<div class="test-content-detail">
			<div class="detail-body"></div>
		</div>
	</div>
</div>                    <!-- dashboard -->
<div class="container-fluid p-4 dashboard-view">
	<div class="row">
		<div class="col-sm-12 col-md-4">
			<div class="card">
				<div class="card-header">
					<h6 class="card-title">Features</h6>
				</div>
				<div class="card-body">
					<div class="">
						<canvas id='parent-analysis' width='115' height='90'></canvas>
					</div>
				</div>
				<div class="card-footer">
					<div><small data-tooltip='0%'>
						<b>0</b> features passed
						</small>
					</div>
					<div>
						<small data-tooltip='100%'><b>2</b> features failed, 
						<b>0</b> skipped, <b data-tooltip='0%'>0</b> others
						</small>
					</div>
				</div>
			</div>
		</div>
		<div class="col-sm-12 col-md-4">
			<div class="card">
				<div class="card-header">
					<h6 class="card-title">Scenarios</h6>
				</div>
				<div class="card-body">
					<div class="">
						<canvas id='child-analysis' width='115' height='90'></canvas>
					</div>
				</div>
				<div class="card-footer">
					<div><small data-tooltip='0%'><b>0</b> scenarios passed</small></div>
					<div>
						<small data-tooltip='100%'><b>4</b> scenarios failed, 
						<b>0</b> skipped, <b data-tooltip='0%'>0</b> others
						</small>
					</div>
				</div>
			</div>
		</div>
		<div class="col-sm-12 col-md-4">
			<div class="card">
				<div class="card-header">
					<h6 class="card-title">Steps</h6>
				</div>
				<div class="card-body">
					<div class="">
						<canvas id='grandchild-analysis' width='115' height='90'></canvas>
					</div>
				</div>
				<div class="card-footer">
					<div><small data-tooltip='50%'><b>4</b> steps passed</small></div>
					<div>
						<small data-tooltip='50%'><b>4</b> steps failed, 
						<b>0</b> skipped, <b data-tooltip='0%'>0</b> others
						</small>
					</div>
				</div>
			</div>
		</div>
	</div>
	<div class="row">
		<div class="col-md-3">
			<div class="card">
				<div class="card-body box-height-150">
					<div class="media justify-content-between">
						<div class="card-header">
							<h6 class="card-title">Features</h6>
							<h2 class="font-size-28 font-weight-light mt-3">2</h2>
							<span class="text-semibold text-success font-size-15">
							<i class="ti-arrow-up font-size-11"></i> 
							<span>.00%</span>
							</span>
						</div>
						<div class="align-self-end">
							<i class="fa fa-align-left font-size-70 opacity-01"></i>
						</div>
					</div>
				</div>
			</div>
		</div>
		<div class="col-md-3">
			<div class="card">
				<div class="card-body box-height-150">
					<div class="media justify-content-between">
						<div class="card-header">
							<h6 class="card-title">Scenarios</h6>
							<h2 class="font-size-28 font-weight-light mt-3">4</h2>
							<span class="text-semibold text-success font-size-15">
							<i class="ti-arrow-up font-size-11"></i> 
							<span>.00%</span>
							</span>
						</div>
						<div class="align-self-end">
							<i class="fa fa-align-left font-size-70 opacity-01"></i>
						</div>
					</div>
				</div>
			</div>
		</div>
		<div class="col-md-3">
			<div class="card">
				<div class="card-body box-height-150">
					<div class="media justify-content-between">
						<div class="card-header">
							<h6 class="card-title">Start</h6>
							<h4 class="font-weight-light mt-4">Mar 20, 2020 02:31:11 PM</h4>
							<span class="text-semibold text-success font-size-15">
						</div>
						<div class="align-self-end">
							<i class="fa fa-clock-o font-size-70 text-success opacity-01"></i>
						</div>
					</div>
				</div>
			</div>
		</div>
		<div class="col-md-3">
			<div class="card">
				<div class="card-body box-height-150">
					<div class="media justify-content-between">
						<div class="card-header">
							<h6 class="card-title">Duration</h6>
							<h4 class="font-weight-light mt-4">0h 1m 0s+802ms</h4>
							<span class="text-semibold font-size-15">
						</div>
						<div class="align-self-end">
							<i class="fa fa-clock-o font-size-70 opacity-01"></i>
						</div>
					</div>
				</div>
			</div>
		</div>
	</div>
	<div class="row">
		<div class="col-md-12">
			<div class="card">
				<div class="card-header">
					<h6 class="card-title">Timeline</h6>
				</div>
				<div class="card-body">
					<div class="">
						<canvas id="timeline" height="120"></canvas>
					</div>
				</div>
			</div>
		</div>
	</div>
	<div class="row">
		<div class="col-md-6">
			<div class="card">
				<div class="card-header">
					<h6 class="card-title">Tags</h6>
				</div>
				<div class="table-overflow">
					<table class="table table-sm">
						<thead>
							<tr class="bg-gray">
								<th>Name</th>
								<th>Passed</th>
								<th>Failed</th>
								<th>Others</th>
								<th>Passed %</th>
							</tr>
						</thead>
						<tbody>
							<tr>
								<td>@all</td>
								<td>0</td>
								<td>6</td>
								<td>0</td>
								<td>
									0%
								</td>
							</tr>
							<tr>
								<td>@smoke</td>
								<td>0</td>
								<td>4</td>
								<td>0</td>
								<td>
									0%
								</td>
							</tr>
							<tr>
								<td>@regression</td>
								<td>0</td>
								<td>2</td>
								<td>0</td>
								<td>
									0%
								</td>
							</tr>
						</tbody>
					</table>
				</div>
			</div>
		</div>
	</div>
</div>
<script>
	var statusGroup = {
	    parentCount: 2,
		passParent: 0,
		failParent: 2,
		fatalParent: 0,
		errorParent: 0,
		warningParent: 0,
		skipParent: 0,
		exceptionsParent: 2,
		childCount: 4,
		passChild: 0,
		failChild: 4,
		fatalChild: 0,
		errorChild: 0,
		warningChild: 0,
		skipChild: 0,
		infoChild: 0,
		debugChild: 0,
		exceptionsChild: 4,
		grandChildCount: 8,
		passGrandChild: 4,
		failGrandChild: 4,
		fatalGrandChild: 0,
		errorGrandChild: 0,
		warningGrandChild: 0,
		skipGrandChild: 0,
		infoGrandChild: 0,
		debugGrandChild: 0,
		exceptionsGrandChild: 4,
		eventsCount: 16,
		passEvents: 4,
		failEvents: 4,
		fatalEvents: 0,
		errorEvents: 0,
		warningEvents: 0,
		skipEvents: 0,
		infoEvents: 8,
		debugEvents: 0,
		exceptionsEvents: 0
	};
</script>
<script>
	var timeline = {
	        "sample feature1":59.948,"sample feature2":56.594
	};
</script>
                </div>
            </div>
        </div>
    </div>
        <script src="https://cdn.jsdelivr.net/gh/extent-framework/extent-github-cdn@b00a2d0486596e73dd7326beacf352c639623a0e/spark/js/spark-script.js"></script>
</body>
</html>